<?xml version="1.0" encoding="UTF-8"?>
<testng-results ignored="0" total="1" passed="1" failed="0" skipped="0">
  <reporter-output>
  </reporter-output>
  <suite started-at="2023-05-07T07:37:22 UTC" name="Default suite" finished-at="2023-05-07T07:37:25 UTC" duration-ms="2825">
    <groups>
    </groups>
    <test started-at="2023-05-07T07:37:22 UTC" name="Default test" finished-at="2023-05-07T07:37:25 UTC" duration-ms="2825">
      <class name="com.simplilearn.SeleniumDemos.TestScreenshot">
        <test-method signature="runScreen()[pri:0, instance:com.simplilearn.SeleniumDemos.TestScreenshot@6bd61f98]" started-at="2023-05-07T07:37:22 UTC" name="runScreen" finished-at="2023-05-07T07:37:25 UTC" duration-ms="2767" status="PASS">
          <reporter-output>
          </reporter-output>
        </test-method> <!-- runScreen -->
      </class> <!-- com.simplilearn.SeleniumDemos.TestScreenshot -->
    </test> <!-- Default test -->
  </suite> <!-- Default suite -->
</testng-results>
